  ConnectionTCP.cpp
  ConnectionUDP.cpp
C:\Users\user\Desktop\Programing\Other\GitTest\OpenGLClient\PhysicsServer\PhysicsServer\ConnectionUDP.cpp(58,13): warning C4244: 'initializing': conversion from 'float' to 'int', possible loss of data
C:\Users\user\Desktop\Programing\Other\GitTest\OpenGLClient\PhysicsServer\PhysicsServer\ConnectionUDP.cpp(78,13): warning C4244: 'initializing': conversion from 'float' to 'int', possible loss of data
C:\Users\user\Desktop\Programing\Other\GitTest\OpenGLClient\PhysicsServer\PhysicsServer\ConnectionUDP.cpp(95,143): warning C4267: 'argument': conversion from 'size_t' to 'int', possible loss of data
  Driver.cpp
  Handler.cpp
C:\Users\user\Desktop\Programing\Other\GitTest\OpenGLClient\PhysicsServer\PhysicsServer\Handler.cpp(29,30): warning C4267: 'initializing': conversion from 'size_t' to 'int', possible loss of data
C:\Users\user\Desktop\Programing\Other\GitTest\OpenGLClient\PhysicsServer\PhysicsServer\Handler.cpp(37,36): warning C4267: 'initializing': conversion from 'size_t' to 'int', possible loss of data
C:\Users\user\Desktop\Programing\Other\GitTest\OpenGLClient\PhysicsServer\PhysicsServer\Handler.cpp(109,60): warning C4267: 'initializing': conversion from 'size_t' to 'int', possible loss of data
  Particle.cpp
C:\Users\user\Desktop\Programing\Other\GitTest\OpenGLClient\PhysicsServer\PhysicsServer\Particle.cpp(26,17): warning C4244: '+=': conversion from 'double' to 'float', possible loss of data
C:\Users\user\Desktop\Programing\Other\GitTest\OpenGLClient\PhysicsServer\PhysicsServer\Particle.cpp(27,17): warning C4244: '+=': conversion from 'double' to 'float', possible loss of data
C:\Users\user\Desktop\Programing\Other\GitTest\OpenGLClient\PhysicsServer\PhysicsServer\Particle.cpp(29,20): warning C4244: '-=': conversion from 'double' to 'float', possible loss of data
C:\Users\user\Desktop\Programing\Other\GitTest\OpenGLClient\PhysicsServer\PhysicsServer\Particle.cpp(33,19): warning C4305: '*=': truncation from 'double' to 'float'
C:\Users\user\Desktop\Programing\Other\GitTest\OpenGLClient\PhysicsServer\PhysicsServer\Particle.cpp(38,19): warning C4305: '*=': truncation from 'double' to 'float'
C:\Users\user\Desktop\Programing\Other\GitTest\OpenGLClient\PhysicsServer\PhysicsServer\Particle.cpp(43,19): warning C4305: '*=': truncation from 'double' to 'float'
C:\Users\user\Desktop\Programing\Other\GitTest\OpenGLClient\PhysicsServer\PhysicsServer\Particle.cpp(48,19): warning C4305: '*=': truncation from 'double' to 'float'
C:\Users\user\Desktop\Programing\Other\GitTest\OpenGLClient\PhysicsServer\PhysicsServer\Particle.cpp(52,21): warning C4244: '=': conversion from 'double' to 'float', possible loss of data
C:\Users\user\Desktop\Programing\Other\GitTest\OpenGLClient\PhysicsServer\PhysicsServer\Particle.cpp(53,21): warning C4244: '=': conversion from 'double' to 'float', possible loss of data
  Generating code
  Previous IPDB not found, fall back to full compilation.
  All 511 functions were compiled because no usable IPDB/IOBJ from previous compilation was found.
  Finished generating code
  PhysicsServer.vcxproj -> C:\Users\user\Desktop\Programing\Other\GitTest\OpenGLClient\PhysicsServer\x64\Release\PhysicsServer.exe
