  ConnectionTCP.cpp
C:\Users\user\Desktop\Programing\Other\GitTest\OpenGLClient\PhysicsClient2\OpenGLBook1\src\Connection\ConnectionTCP.cpp(16,20): warning C4018: '<': signed/unsigned mismatch
  ConnectionUDP.cpp
C:\Users\user\Desktop\Programing\Other\GitTest\OpenGLClient\PhysicsClient2\OpenGLBook1\src\Connection\ConnectionUDP.cpp(29,25): warning C4838: conversion from 'int' to 'float' requires a narrowing conversion
C:\Users\user\Desktop\Programing\Other\GitTest\OpenGLClient\PhysicsClient2\OpenGLBook1\src\Connection\ConnectionUDP.cpp(29,25): warning C4244: 'initializing': conversion from 'int' to 'float', possible loss of data
C:\Users\user\Desktop\Programing\Other\GitTest\OpenGLClient\PhysicsClient2\OpenGLBook1\src\Connection\ConnectionUDP.cpp(43,12): warning C4244: 'initializing': conversion from 'float' to 'int', possible loss of data
C:\Users\user\Desktop\Programing\Other\GitTest\OpenGLClient\PhysicsClient2\OpenGLBook1\src\Connection\ConnectionUDP.cpp(59,21): warning C4018: '<': signed/unsigned mismatch
  Driver.cpp
C:\Users\user\Desktop\Programing\Other\GitTest\OpenGLClient\PhysicsClient2\OpenGLBook1\src\Engine\Driver.cpp(134,113): warning C4838: conversion from 'int' to 'float' requires a narrowing conversion
C:\Users\user\Desktop\Programing\Other\GitTest\OpenGLClient\PhysicsClient2\OpenGLBook1\src\Engine\Driver.cpp(134,113): warning C4244: 'initializing': conversion from 'int' to 'float', possible loss of data
C:\Users\user\Desktop\Programing\Other\GitTest\OpenGLClient\PhysicsClient2\OpenGLBook1\src\Engine\Driver.cpp(140,92): warning C4838: conversion from 'int' to 'float' requires a narrowing conversion
C:\Users\user\Desktop\Programing\Other\GitTest\OpenGLClient\PhysicsClient2\OpenGLBook1\src\Engine\Driver.cpp(140,92): warning C4244: 'initializing': conversion from 'int' to 'float', possible loss of data
  GameObject.cpp
C:\Users\user\Desktop\Programing\Other\GitTest\OpenGLClient\PhysicsClient2\OpenGLBook1\src\Engine\GameObject.cpp(42,56): warning C4305: 'argument': truncation from 'double' to 'float'
  Handler.cpp
C:\Users\user\Desktop\Programing\Other\GitTest\OpenGLClient\PhysicsClient2\OpenGLBook1\src\Engine\Handler.cpp(29,20): warning C4018: '<': signed/unsigned mismatch
C:\Users\user\Desktop\Programing\Other\GitTest\OpenGLClient\PhysicsClient2\OpenGLBook1\src\Engine\Handler.cpp(40,20): warning C4018: '<': signed/unsigned mismatch
C:\Users\user\Desktop\Programing\Other\GitTest\OpenGLClient\PhysicsClient2\OpenGLBook1\src\Engine\Handler.cpp(46,20): warning C4018: '<': signed/unsigned mismatch
C:\Users\user\Desktop\Programing\Other\GitTest\OpenGLClient\PhysicsClient2\OpenGLBook1\src\Engine\Handler.cpp(70,20): warning C4018: '<': signed/unsigned mismatch
C:\Users\user\Desktop\Programing\Other\GitTest\OpenGLClient\PhysicsClient2\OpenGLBook1\src\Engine\Handler.cpp(71,25): warning C4018: '<': signed/unsigned mismatch
C:\Users\user\Desktop\Programing\Other\GitTest\OpenGLClient\PhysicsClient2\OpenGLBook1\src\Engine\Handler.cpp(76,20): warning C4018: '<': signed/unsigned mismatch
  Window.cpp
C:\Users\user\Desktop\Programing\Other\GitTest\OpenGLClient\PhysicsClient2\OpenGLBook1\src\GUI\Window.cpp(66,22): warning C4305: 'argument': truncation from 'double' to 'GLfloat'
C:\Users\user\Desktop\Programing\Other\GitTest\OpenGLClient\PhysicsClient2\OpenGLBook1\src\GUI\Window.cpp(87,14): warning C4244: 'initializing': conversion from 'double' to 'GLfloat', possible loss of data
C:\Users\user\Desktop\Programing\Other\GitTest\OpenGLClient\PhysicsClient2\OpenGLBook1\src\GUI\Window.cpp(88,14): warning C4244: 'initializing': conversion from 'double' to 'GLfloat', possible loss of data
C:\Users\user\Desktop\Programing\Other\GitTest\OpenGLClient\PhysicsClient2\OpenGLBook1\src\GUI\Window.cpp(90,14): warning C4244: 'initializing': conversion from 'double' to 'GLfloat', possible loss of data
C:\Users\user\Desktop\Programing\Other\GitTest\OpenGLClient\PhysicsClient2\OpenGLBook1\src\GUI\Window.cpp(91,14): warning C4244: 'initializing': conversion from 'double' to 'GLfloat', possible loss of data
C:\Users\user\Desktop\Programing\Other\GitTest\OpenGLClient\PhysicsClient2\OpenGLBook1\src\GUI\Window.cpp(131,13): warning C4244: 'initializing': conversion from 'double' to 'GLfloat', possible loss of data
C:\Users\user\Desktop\Programing\Other\GitTest\OpenGLClient\PhysicsClient2\OpenGLBook1\src\GUI\Window.cpp(132,13): warning C4244: 'initializing': conversion from 'double' to 'GLfloat', possible loss of data
  Renderer.cpp
C:\Users\user\Desktop\Programing\Other\GitTest\OpenGLClient\PhysicsClient2\OpenGLBook1\src\Graphics\Renderer.cpp(75,14): warning C4244: 'initializing': conversion from 'double' to 'GLfloat', possible loss of data
C:\Users\user\Desktop\Programing\Other\GitTest\OpenGLClient\PhysicsClient2\OpenGLBook1\src\Graphics\Renderer.cpp(76,14): warning C4244: 'initializing': conversion from 'double' to 'GLfloat', possible loss of data
C:\Users\user\Desktop\Programing\Other\GitTest\OpenGLClient\PhysicsClient2\OpenGLBook1\src\Graphics\Renderer.cpp(78,14): warning C4244: 'initializing': conversion from 'double' to 'GLfloat', possible loss of data
C:\Users\user\Desktop\Programing\Other\GitTest\OpenGLClient\PhysicsClient2\OpenGLBook1\src\Graphics\Renderer.cpp(79,14): warning C4244: 'initializing': conversion from 'double' to 'GLfloat', possible loss of data
  Generating Code...
  OpenGLBook1.vcxproj -> C:\Users\user\Desktop\Programing\Other\GitTest\OpenGLClient\PhysicsClient2\Debug\OpenGLBook1.exe
